[2025-12-30 20:25:03] [INFO] Section: Backing up Configurations
[2025-12-30 20:25:03] [INFO] Syncing hypr...
[2025-12-30 20:25:03] [INFO] Syncing waybar...
[2025-12-30 20:25:03] [INFO] Syncing rofi...
[2025-12-30 20:25:03] [INFO] Syncing wofi...
[2025-12-30 20:25:03] [INFO] Syncing alacritty...
[2025-12-30 20:25:03] [INFO] Syncing mako...
[2025-12-30 20:25:03] [INFO] Syncing wlogout...
[2025-12-30 20:25:03] [INFO] Syncing go-pray...
[2025-12-30 20:25:03] [INFO] Syncing ghostty...
[2025-12-30 20:25:03] [INFO] Syncing dunst...
[2025-12-30 20:25:03] [INFO] Syncing Shell Configs...
[2025-12-30 20:25:03] [SUCCESS] Local backup complete!
[2025-12-30 20:25:03] [INFO] Section: Git Synchronization
[2025-12-30 20:25:14] [WARNING] Git operations skipped.
[2025-12-30 21:20:01] [INFO] Section: Backing up Configurations
[2025-12-30 21:20:01] [INFO] Syncing hypr...
[2025-12-30 21:20:01] [INFO] Syncing waybar...
[2025-12-30 21:20:01] [INFO] Syncing rofi...
[2025-12-30 21:20:01] [INFO] Syncing wofi...
[2025-12-30 21:20:01] [INFO] Syncing alacritty...
[2025-12-30 21:20:01] [INFO] Syncing mako...
[2025-12-30 21:20:01] [INFO] Syncing wlogout...
[2025-12-30 21:20:01] [INFO] Syncing go-pray...
[2025-12-30 21:20:01] [INFO] Syncing ghostty...
[2025-12-30 21:20:01] [INFO] Syncing dunst...
[2025-12-30 21:20:01] [INFO] Syncing kitty...
[2025-12-30 21:20:23] [INFO] Section: Backing up Configurations
[2025-12-30 21:20:23] [INFO] Syncing hypr...
[2025-12-30 21:20:23] [INFO] Syncing waybar...
[2025-12-30 21:20:23] [INFO] Syncing rofi...
[2025-12-30 21:20:23] [INFO] Syncing wofi...
[2025-12-30 21:20:23] [INFO] Syncing alacritty...
[2025-12-30 21:20:23] [INFO] Syncing mako...
[2025-12-30 21:20:23] [INFO] Syncing wlogout...
[2025-12-30 21:20:23] [INFO] Syncing go-pray...
[2025-12-30 21:20:23] [INFO] Syncing ghostty...
[2025-12-30 21:20:23] [INFO] Syncing dunst...
[2025-12-30 21:20:23] [INFO] Syncing kitty...
[2025-12-30 21:20:23] [WARNING] lazygit not found in ~/.config/
[2025-12-30 21:20:23] [WARNING] lazydocker not found in ~/.config/
[2025-12-30 21:20:23] [INFO] Syncing hypremoji...
[2025-12-30 21:20:23] [INFO] Syncing Shell Configs...
[2025-12-30 21:20:23] [SUCCESS] Local backup complete!
[2025-12-30 21:20:23] [INFO] Section: Git Synchronization
[2025-12-30 21:20:27] [INFO] Staging all changes...
[2025-12-30 21:20:27] [INFO] Committing...
[2025-12-30 21:20:27] [INFO] Pushing to remote...
[2025-12-30 21:20:28] [SUCCESS] Changes pushed successfully!
[2025-12-30 21:23:39] [INFO] Section: Backing up Configurations
[2025-12-30 21:23:39] [INFO] Syncing hypr...
[2025-12-30 21:23:39] [INFO] Syncing waybar...
[2025-12-30 21:23:39] [INFO] Syncing rofi...
[2025-12-30 21:23:39] [INFO] Syncing wofi...
[2025-12-30 21:23:39] [INFO] Syncing alacritty...
[2025-12-30 21:23:39] [INFO] Syncing mako...
[2025-12-30 21:23:39] [INFO] Syncing wlogout...
[2025-12-30 21:23:39] [INFO] Syncing go-pray...
[2025-12-30 21:23:39] [INFO] Syncing ghostty...
[2025-12-30 21:23:39] [INFO] Syncing dunst...
[2025-12-30 21:23:39] [INFO] Syncing kitty...
[2025-12-30 21:23:39] [WARNING] lazygit not found in ~/.config/
[2025-12-30 21:23:39] [INFO] Syncing lazydocker...
[2025-12-30 21:24:35] [INFO] Section: Backing up Configurations
[2025-12-30 21:24:35] [INFO] Syncing hypr...
[2025-12-30 21:24:35] [INFO] Syncing waybar...
[2025-12-30 21:24:35] [INFO] Syncing rofi...
[2025-12-30 21:24:35] [INFO] Syncing wofi...
[2025-12-30 21:24:35] [INFO] Syncing alacritty...
[2025-12-30 21:24:35] [INFO] Syncing mako...
[2025-12-30 21:24:35] [INFO] Syncing wlogout...
[2025-12-30 21:24:35] [INFO] Syncing go-pray...
[2025-12-30 21:24:35] [INFO] Syncing ghostty...
[2025-12-30 21:24:35] [INFO] Syncing dunst...
[2025-12-30 21:24:35] [INFO] Syncing kitty...
[2025-12-30 21:24:35] [INFO] lazygit not found in ~/.config/, skipping
[2025-12-30 21:24:35] [INFO] Syncing lazydocker...
[2025-12-30 21:24:50] [INFO] Section: Backing up Configurations
[2025-12-30 21:24:50] [INFO] Syncing hypr...
[2025-12-30 21:24:50] [INFO] Syncing waybar...
[2025-12-30 21:24:50] [INFO] Syncing rofi...
[2025-12-30 21:24:50] [INFO] Syncing wofi...
[2025-12-30 21:24:50] [INFO] Syncing alacritty...
[2025-12-30 21:24:50] [INFO] Syncing mako...
[2025-12-30 21:24:50] [INFO] Syncing wlogout...
[2025-12-30 21:24:50] [INFO] Syncing go-pray...
[2025-12-30 21:24:50] [INFO] Syncing ghostty...
[2025-12-30 21:24:50] [INFO] Syncing dunst...
[2025-12-30 21:24:50] [INFO] Syncing kitty...
[2025-12-30 21:24:50] [INFO] lazygit not found in ~/.config/, skipping
[2025-12-30 21:24:50] [INFO] Syncing lazydocker...
[2025-12-30 21:26:54] [INFO] Section: Backing up Configurations
[2025-12-30 21:26:54] [INFO] Syncing hypr...
[2025-12-30 21:26:54] [INFO] Syncing waybar...
[2025-12-30 21:26:54] [INFO] Syncing rofi...
[2025-12-30 21:26:54] [INFO] Syncing wofi...
[2025-12-30 21:26:54] [INFO] Syncing alacritty...
[2025-12-30 21:26:54] [INFO] Syncing mako...
[2025-12-30 21:26:54] [INFO] Syncing wlogout...
[2025-12-30 21:26:54] [INFO] Syncing go-pray...
[2025-12-30 21:26:54] [INFO] Syncing ghostty...
[2025-12-30 21:26:54] [INFO] Syncing dunst...
[2025-12-30 21:26:54] [INFO] Syncing kitty...
[2025-12-30 21:26:54] [INFO] lazygit not found in ~/.config/, skipping
[2025-12-30 21:26:54] [INFO] Syncing lazydocker...
[2025-12-30 21:26:54] [INFO] Syncing hypremoji...
[2025-12-30 21:26:54] [INFO] Syncing Shell Configs...
[2025-12-30 21:26:54] [SUCCESS] Local backup complete!
[2025-12-30 21:26:54] [INFO] Section: Git Synchronization
[2025-12-30 21:27:45] [WARNING] Git operations skipped.
[2025-12-30 21:28:20] [INFO] Section: Backing up Configurations
[2025-12-30 21:28:20] [INFO] Syncing hypr...
[2025-12-30 21:28:20] [INFO] Syncing waybar...
[2025-12-30 21:28:20] [INFO] Syncing rofi...
[2025-12-30 21:28:20] [INFO] Syncing wofi...
[2025-12-30 21:28:20] [INFO] Syncing alacritty...
[2025-12-30 21:28:20] [INFO] Syncing mako...
[2025-12-30 21:28:20] [INFO] Syncing wlogout...
[2025-12-30 21:28:20] [INFO] Syncing go-pray...
[2025-12-30 21:28:20] [INFO] Syncing ghostty...
[2025-12-30 21:28:20] [INFO] Syncing dunst...
[2025-12-30 21:28:20] [INFO] Syncing kitty...
[2025-12-30 21:28:20] [INFO] lazygit not found in ~/.config/, skipping
[2025-12-30 21:28:20] [INFO] Syncing lazydocker...
[2025-12-30 21:29:40] [INFO] Section: Backing up Configurations
[2025-12-30 21:29:40] [INFO] Syncing hypr...
[2025-12-30 21:29:40] [INFO] Syncing waybar...
[2025-12-30 21:29:40] [INFO] Syncing rofi...
[2025-12-30 21:29:40] [INFO] Syncing wofi...
[2025-12-30 21:29:40] [INFO] Syncing alacritty...
[2025-12-30 21:29:40] [INFO] Syncing mako...
[2025-12-30 21:29:40] [INFO] Syncing wlogout...
[2025-12-30 21:29:40] [INFO] Syncing go-pray...
[2025-12-30 21:29:40] [INFO] Syncing ghostty...
[2025-12-30 21:29:40] [INFO] Syncing dunst...
[2025-12-30 21:29:40] [INFO] Syncing kitty...
[2025-12-30 21:29:40] [INFO] lazygit not found in ~/.config/, skipping
[2025-12-30 21:29:40] [INFO] Syncing lazydocker...
[2025-12-30 21:29:40] [INFO] Syncing hypremoji...
[2025-12-30 21:29:40] [INFO] Syncing Shell Configs...
[2025-12-30 21:29:40] [SUCCESS] Local backup complete!
[2025-12-30 21:29:40] [INFO] Section: Git Synchronization
[2025-12-30 21:29:44] [INFO] Staging all changes...
[2025-12-30 21:29:44] [INFO] Committing...
[2025-12-30 21:29:44] [INFO] Pushing to remote...
[2025-12-30 21:29:45] [SUCCESS] Changes pushed successfully!
[2025-12-30 21:56:27] [INFO] Section: Backing up Configurations
[2025-12-30 21:56:27] [INFO] Syncing hypr...
[2025-12-30 21:56:27] [INFO] Syncing waybar...
[2025-12-30 21:56:27] [INFO] Syncing rofi...
[2025-12-30 21:56:27] [INFO] Syncing wofi...
[2025-12-30 21:56:27] [INFO] Syncing alacritty...
[2025-12-30 21:56:27] [INFO] Syncing mako...
[2025-12-30 21:56:27] [INFO] Syncing wlogout...
[2025-12-30 21:56:27] [INFO] Syncing go-pray...
[2025-12-30 21:56:27] [INFO] Syncing ghostty...
[2025-12-30 21:56:27] [INFO] Syncing dunst...
[2025-12-30 21:56:27] [INFO] Syncing kitty...
[2025-12-30 21:56:27] [INFO] lazygit not found in ~/.config/, skipping
[2025-12-30 21:56:27] [INFO] Syncing lazydocker...
[2025-12-30 21:56:27] [INFO] Syncing hypremoji...
[2025-12-30 21:56:27] [INFO] sddm not found in ~/.config/, skipping
[2025-12-30 21:56:27] [INFO] Syncing Shell Configs...
[2025-12-30 21:56:27] [SUCCESS] Local backup complete!
[2025-12-30 21:56:27] [INFO] Section: Git Synchronization
[2025-12-30 21:56:29] [INFO] Staging all changes...
[2025-12-30 21:56:29] [INFO] Committing...
[2025-12-30 21:56:29] [INFO] Pushing to remote...
[2025-12-30 21:58:41] [SUCCESS] Changes pushed successfully!
[2025-12-31 10:57:37] [INFO] Section: Backing up Configurations
[2025-12-31 10:57:37] [INFO] Syncing hypr...
[2025-12-31 10:57:37] [INFO] Syncing waybar...
[2025-12-31 10:57:37] [INFO] Syncing rofi...
[2025-12-31 10:57:37] [INFO] Syncing wofi...
[2025-12-31 10:57:37] [INFO] Syncing alacritty...
[2025-12-31 10:57:37] [INFO] Syncing mako...
[2025-12-31 10:57:37] [INFO] Syncing wlogout...
[2025-12-31 10:57:37] [INFO] Syncing go-pray...
[2025-12-31 10:57:37] [INFO] Syncing ghostty...
[2025-12-31 10:57:37] [INFO] Syncing dunst...
[2025-12-31 10:57:37] [INFO] Syncing kitty...
[2025-12-31 10:57:37] [INFO] lazygit not found in ~/.config/, skipping
[2025-12-31 10:57:37] [INFO] Syncing lazydocker...
[2025-12-31 10:57:37] [INFO] Syncing hypremoji...
[2025-12-31 10:57:37] [INFO] Syncing sddm...
[2025-12-31 10:57:37] [INFO] Syncing Shell Configs...
[2025-12-31 10:57:37] [SUCCESS] Local backup complete!
[2025-12-31 10:57:37] [INFO] Section: Git Synchronization
[2025-12-31 10:57:39] [INFO] Staging all changes...
[2025-12-31 10:57:39] [INFO] Committing...
[2025-12-31 10:57:39] [INFO] Pushing to remote...
[2025-12-31 10:57:40] [SUCCESS] Changes pushed successfully!
[2025-12-31 12:13:54] [INFO] Section: Backing up Configurations
[2025-12-31 12:13:54] [INFO] Syncing hypr...
[2025-12-31 12:13:54] [INFO] Syncing waybar...
[2025-12-31 12:13:54] [INFO] Syncing rofi...
[2025-12-31 12:13:54] [INFO] Syncing wofi...
[2025-12-31 12:13:54] [INFO] Syncing alacritty...
[2025-12-31 12:13:54] [INFO] Syncing mako...
[2025-12-31 12:13:54] [INFO] Syncing wlogout...
[2025-12-31 12:13:54] [INFO] Syncing go-pray...
[2025-12-31 12:13:54] [INFO] Syncing ghostty...
[2025-12-31 12:13:54] [INFO] Syncing dunst...
[2025-12-31 12:13:54] [INFO] Syncing kitty...
[2025-12-31 12:13:54] [INFO] lazygit not found in ~/.config/, skipping
[2025-12-31 12:13:54] [INFO] Syncing lazydocker...
[2025-12-31 12:13:54] [INFO] Syncing hypremoji...
[2025-12-31 12:13:54] [INFO] Syncing sddm...
[2025-12-31 12:13:54] [INFO] Syncing Shell Configs...
[2025-12-31 12:13:54] [SUCCESS] Local backup complete!
[2025-12-31 12:13:54] [INFO] Section: Git Synchronization
[2025-12-31 12:14:02] [INFO] Staging all changes...
[2025-12-31 12:14:02] [INFO] Committing...
[2025-12-31 12:14:02] [INFO] Pushing to remote...
[2025-12-31 12:14:03] [SUCCESS] Changes pushed successfully!
[2025-12-31 13:05:35] [INFO] Section: Backing up Configurations
[2025-12-31 13:05:35] [INFO] Syncing hypr...
[2025-12-31 13:05:35] [INFO] Syncing waybar...
[2025-12-31 13:05:35] [INFO] Syncing rofi...
[2025-12-31 13:05:35] [INFO] Syncing wofi...
[2025-12-31 13:05:35] [INFO] Syncing alacritty...
[2025-12-31 13:05:35] [INFO] Syncing mako...
[2025-12-31 13:05:35] [INFO] Syncing wlogout...
[2025-12-31 13:05:35] [INFO] Syncing go-pray...
[2025-12-31 13:05:35] [INFO] Syncing ghostty...
[2025-12-31 13:05:35] [INFO] Syncing dunst...
[2025-12-31 13:05:35] [INFO] Syncing kitty...
[2025-12-31 13:05:35] [INFO] lazygit not found in ~/.config/, skipping
[2025-12-31 13:05:35] [INFO] Syncing lazydocker...
[2025-12-31 13:05:35] [INFO] Syncing hypremoji...
[2025-12-31 13:05:35] [INFO] Syncing sddm...
[2025-12-31 13:05:35] [INFO] Syncing Shell Configs...
[2025-12-31 13:05:35] [SUCCESS] Local backup complete!
[2025-12-31 13:05:35] [INFO] Section: Git Synchronization
[2025-12-31 13:05:38] [INFO] Staging all changes...
[2025-12-31 13:05:38] [INFO] Committing...
[2025-12-31 13:05:38] [INFO] Pushing to remote...
[2025-12-31 13:05:39] [SUCCESS] Changes pushed successfully!
[2025-12-31 13:45:22] [INFO] Section: Backing up Configurations
[2025-12-31 13:45:22] [INFO] Syncing hypr...
[2025-12-31 13:45:22] [INFO] Syncing waybar...
[2025-12-31 13:45:22] [INFO] Syncing rofi...
[2025-12-31 13:45:22] [INFO] Syncing wofi...
[2025-12-31 13:45:22] [INFO] Syncing alacritty...
[2025-12-31 13:45:22] [INFO] Syncing mako...
[2025-12-31 13:45:22] [INFO] Syncing wlogout...
[2025-12-31 13:45:22] [INFO] Syncing go-pray...
[2025-12-31 13:45:22] [INFO] Syncing ghostty...
[2025-12-31 13:45:22] [INFO] Syncing dunst...
[2025-12-31 13:45:22] [INFO] Syncing kitty...
[2025-12-31 13:45:22] [INFO] lazygit not found in ~/.config/, skipping
[2025-12-31 13:45:22] [INFO] Syncing lazydocker...
[2025-12-31 13:45:22] [INFO] Syncing hypremoji...
[2025-12-31 13:45:22] [INFO] Syncing sddm...
[2025-12-31 13:45:22] [INFO] Syncing nvim...
[2025-12-31 13:45:22] [INFO] Syncing fish...
[2025-12-31 13:45:22] [INFO] Syncing btop...
[2025-12-31 13:45:22] [INFO] Syncing cava...
[2025-12-31 13:45:22] [INFO] Syncing gtk-3.0...
[2025-12-31 13:45:22] [INFO] Syncing gtk-4.0...
[2025-12-31 13:45:22] [INFO] Syncing nwg-look...
[2025-12-31 13:45:22] [INFO] Syncing Thunar...
[2025-12-31 13:45:22] [INFO] Syncing Shell & Misc Configs...
[2025-12-31 13:45:22] [SUCCESS] Local backup complete!
[2025-12-31 13:45:22] [INFO] Section: Git Synchronization
[2025-12-31 14:14:38] [INFO] Section: Backing up Configurations
[2025-12-31 14:14:38] [INFO] Syncing hypr...
[2025-12-31 14:14:38] [INFO] Syncing waybar...
[2025-12-31 14:14:38] [INFO] Syncing rofi...
[2025-12-31 14:14:38] [INFO] Syncing wofi...
[2025-12-31 14:14:38] [INFO] Syncing alacritty...
[2025-12-31 14:14:38] [INFO] Syncing mako...
[2025-12-31 14:14:38] [INFO] Syncing wlogout...
[2025-12-31 14:14:38] [INFO] Syncing go-pray...
[2025-12-31 14:14:38] [INFO] Syncing ghostty...
[2025-12-31 14:14:38] [INFO] Syncing dunst...
[2025-12-31 14:14:38] [INFO] Syncing kitty...
[2025-12-31 14:14:38] [INFO] lazygit not found in ~/.config/, skipping
[2025-12-31 14:14:38] [INFO] Syncing lazydocker...
[2025-12-31 14:14:38] [INFO] Syncing hypremoji...
[2025-12-31 14:14:38] [INFO] Syncing sddm...
[2025-12-31 14:14:38] [INFO] Syncing nvim...
[2025-12-31 14:14:38] [INFO] Syncing btop...
[2025-12-31 14:14:38] [INFO] Syncing cava...
[2025-12-31 14:14:38] [INFO] Syncing gtk-3.0...
[2025-12-31 14:14:38] [INFO] Syncing gtk-4.0...
[2025-12-31 14:14:38] [INFO] Syncing nwg-look...
[2025-12-31 14:14:38] [INFO] Syncing Thunar...
[2025-12-31 14:14:38] [INFO] Syncing Shell & Misc Configs...
[2025-12-31 14:14:38] [SUCCESS] Local backup complete!
[2025-12-31 14:14:38] [INFO] Section: Git Synchronization
[2025-12-31 14:14:40] [INFO] Staging all changes...
[2025-12-31 14:14:40] [INFO] Committing...
[2025-12-31 14:14:40] [INFO] Pushing to remote...
[2025-12-31 14:14:42] [SUCCESS] Changes pushed successfully!
[2025-12-31 18:59:36] [INFO] Section: Backing up Configurations
[2025-12-31 18:59:36] [INFO] Syncing hypr...
[2025-12-31 18:59:36] [INFO] Syncing waybar...
[2025-12-31 18:59:36] [INFO] Syncing rofi...
[2025-12-31 18:59:36] [INFO] Syncing wofi...
[2025-12-31 18:59:36] [INFO] Syncing alacritty...
[2025-12-31 18:59:36] [INFO] Syncing mako...
[2025-12-31 18:59:36] [INFO] Syncing wlogout...
[2025-12-31 18:59:36] [INFO] Syncing go-pray...
[2025-12-31 18:59:36] [INFO] Syncing ghostty...
[2025-12-31 18:59:36] [INFO] Syncing dunst...
[2025-12-31 18:59:36] [INFO] Syncing kitty...
[2025-12-31 18:59:36] [INFO] lazygit not found in ~/.config/, skipping
[2025-12-31 18:59:36] [INFO] Syncing lazydocker...
[2025-12-31 18:59:36] [INFO] Syncing hypremoji...
[2025-12-31 18:59:36] [INFO] Syncing sddm...
[2025-12-31 18:59:36] [INFO] Syncing nvim...
[2025-12-31 18:59:36] [INFO] Syncing btop...
[2025-12-31 18:59:36] [INFO] Syncing cava...
[2025-12-31 18:59:36] [INFO] Syncing gtk-3.0...
[2025-12-31 18:59:36] [INFO] Syncing gtk-4.0...
[2025-12-31 18:59:36] [INFO] Syncing nwg-look...
[2025-12-31 18:59:36] [INFO] Syncing Thunar...
[2025-12-31 18:59:36] [INFO] Syncing Shell & Misc Configs...
[2025-12-31 18:59:36] [SUCCESS] Local backup complete!
[2025-12-31 18:59:36] [INFO] Section: Git Synchronization
[2025-12-31 18:59:38] [INFO] Staging all changes...
